\BOOKMARK [0][-]{dummy.1}{\376\377\000A\000c\000k\000n\000o\000w\000l\000e\000d\000g\000e\000m\000e\000n\000t\000s}{}% 1
\BOOKMARK [0][-]{dummy.2}{\376\377\000A\000b\000s\000t\000r\000a\000c\000t}{}% 2
\BOOKMARK [0][-]{dummy.3}{\376\377\000C\000o\000n\000t\000e\000n\000t\000s}{}% 3
\BOOKMARK [0][-]{dummy.5}{\376\377\000L\000i\000s\000t\000\040\000o\000f\000\040\000F\000i\000g\000u\000r\000e\000s}{}% 4
\BOOKMARK [0][-]{dummy.7}{\376\377\000L\000i\000s\000t\000\040\000o\000f\000\040\000T\000a\000b\000l\000e\000s}{}% 5
\BOOKMARK [0][-]{dummy.9}{\376\377\000A\000b\000b\000r\000e\000v\000i\000a\000t\000i\000o\000n\000s}{}% 6
\BOOKMARK [0][-]{dummy.12}{\376\377\000S\000y\000m\000b\000o\000l\000s}{}% 7
\BOOKMARK [0][-]{chapter.15}{\376\377\0001\000\040\000I\000n\000t\000r\000o\000d\000u\000c\000t\000i\000o\000n}{}% 8
\BOOKMARK [1][-]{section.16}{\376\377\0001\000.\0001\000\040\000C\000o\000m\000p\000a\000n\000y\000\040\000P\000r\000o\000f\000i\000l\000e}{chapter.15}% 9
\BOOKMARK [1][-]{section.17}{\376\377\0001\000.\0002\000\040\000E\000x\000i\000s\000t\000i\000n\000g\000\040\000S\000y\000s\000t\000e\000m\000\040\000a\000n\000d\000\040\000N\000e\000e\000d\000\040\000f\000o\000r\000\040\000S\000y\000s\000t\000e\000m}{chapter.15}% 10
\BOOKMARK [2][-]{subsection.18}{\376\377\0001\000.\0002\000.\0001\000\040\000C\000u\000r\000r\000e\000n\000t\000\040\000S\000S\000L\000\040\000C\000e\000r\000t\000i\000f\000i\000c\000a\000t\000e\000\040\000M\000a\000n\000a\000g\000e\000m\000e\000n\000t\000\040\000C\000h\000a\000l\000l\000e\000n\000g\000e\000s}{section.17}% 11
\BOOKMARK [2][-]{subsection.19}{\376\377\0001\000.\0002\000.\0002\000\040\000I\000n\000d\000u\000s\000t\000r\000y\000\040\000R\000e\000q\000u\000i\000r\000e\000m\000e\000n\000t\000s}{section.17}% 12
\BOOKMARK [1][-]{section.20}{\376\377\0001\000.\0003\000\040\000S\000c\000o\000p\000e\000\040\000o\000f\000\040\000W\000o\000r\000k}{chapter.15}% 13
\BOOKMARK [2][-]{subsection.21}{\376\377\0001\000.\0003\000.\0001\000\040\000F\000r\000o\000n\000t\000e\000n\000d\000\040\000A\000p\000p\000l\000i\000c\000a\000t\000i\000o\000n\000\040\000S\000c\000o\000p\000e}{section.20}% 14
\BOOKMARK [2][-]{subsection.22}{\376\377\0001\000.\0003\000.\0002\000\040\000B\000a\000c\000k\000e\000n\000d\000\040\000A\000P\000I\000\040\000S\000c\000o\000p\000e}{section.20}% 15
\BOOKMARK [2][-]{subsection.23}{\376\377\0001\000.\0003\000.\0003\000\040\000I\000n\000t\000e\000g\000r\000a\000t\000i\000o\000n\000\040\000S\000c\000o\000p\000e}{section.20}% 16
\BOOKMARK [1][-]{section.24}{\376\377\0001\000.\0004\000\040\000O\000p\000e\000r\000a\000t\000i\000n\000g\000\040\000E\000n\000v\000i\000r\000o\000n\000m\000e\000n\000t\000\040\040\023\000\040\000H\000a\000r\000d\000w\000a\000r\000e\000\040\000a\000n\000d\000\040\000S\000o\000f\000t\000w\000a\000r\000e}{chapter.15}% 17
\BOOKMARK [2][-]{subsection.25}{\376\377\0001\000.\0004\000.\0001\000\040\000D\000e\000v\000e\000l\000o\000p\000m\000e\000n\000t\000\040\000E\000n\000v\000i\000r\000o\000n\000m\000e\000n\000t}{section.24}% 18
\BOOKMARK [2][-]{subsection.26}{\376\377\0001\000.\0004\000.\0002\000\040\000F\000r\000o\000n\000t\000e\000n\000d\000\040\000R\000e\000q\000u\000i\000r\000e\000m\000e\000n\000t\000s}{section.24}% 19
\BOOKMARK [2][-]{subsection.27}{\376\377\0001\000.\0004\000.\0003\000\040\000B\000a\000c\000k\000e\000n\000d\000\040\000R\000e\000q\000u\000i\000r\000e\000m\000e\000n\000t\000s}{section.24}% 20
\BOOKMARK [2][-]{subsection.28}{\376\377\0001\000.\0004\000.\0004\000\040\000P\000r\000o\000d\000u\000c\000t\000i\000o\000n\000\040\000E\000n\000v\000i\000r\000o\000n\000m\000e\000n\000t}{section.24}% 21
\BOOKMARK [1][-]{section.29}{\376\377\0001\000.\0005\000\040\000D\000e\000t\000a\000i\000l\000\040\000D\000e\000s\000c\000r\000i\000p\000t\000i\000o\000n\000\040\000o\000f\000\040\000T\000e\000c\000h\000n\000o\000l\000o\000g\000y\000\040\000U\000s\000e\000d}{chapter.15}% 22
\BOOKMARK [2][-]{subsection.30}{\376\377\0001\000.\0005\000.\0001\000\040\000F\000r\000o\000n\000t\000e\000n\000d\000\040\000T\000e\000c\000h\000n\000o\000l\000o\000g\000i\000e\000s}{section.29}% 23
\BOOKMARK [3][-]{subsubsection.31}{\376\377\0001\000.\0005\000.\0001\000.\0001\000\040\000N\000e\000x\000t\000.\000j\000s\000\040\0001\0005\000\040\000F\000r\000a\000m\000e\000w\000o\000r\000k}{subsection.30}% 24
\BOOKMARK [3][-]{subsubsection.32}{\376\377\0001\000.\0005\000.\0001\000.\0002\000\040\000R\000e\000a\000c\000t\000\040\0001\0009}{subsection.30}% 25
\BOOKMARK [3][-]{subsubsection.33}{\376\377\0001\000.\0005\000.\0001\000.\0003\000\040\000S\000h\000a\000d\000C\000N\000\040\000U\000I\000\040\000C\000o\000m\000p\000o\000n\000e\000n\000t\000\040\000L\000i\000b\000r\000a\000r\000y}{subsection.30}% 26
\BOOKMARK [3][-]{subsubsection.34}{\376\377\0001\000.\0005\000.\0001\000.\0004\000\040\000T\000y\000p\000e\000S\000c\000r\000i\000p\000t}{subsection.30}% 27
\BOOKMARK [2][-]{subsection.35}{\376\377\0001\000.\0005\000.\0002\000\040\000B\000a\000c\000k\000e\000n\000d\000\040\000T\000e\000c\000h\000n\000o\000l\000o\000g\000i\000e\000s}{section.29}% 28
\BOOKMARK [3][-]{subsubsection.36}{\376\377\0001\000.\0005\000.\0002\000.\0001\000\040\000F\000a\000s\000t\000A\000P\000I\000\040\000F\000r\000a\000m\000e\000w\000o\000r\000k}{subsection.35}% 29
\BOOKMARK [3][-]{subsubsection.37}{\376\377\0001\000.\0005\000.\0002\000.\0002\000\040\000P\000y\000t\000h\000o\000n\000\040\0003\000.\0001\0003}{subsection.35}% 30
\BOOKMARK [3][-]{subsubsection.38}{\376\377\0001\000.\0005\000.\0002\000.\0003\000\040\000C\000e\000r\000t\000b\000o\000t\000\040\000I\000n\000t\000e\000g\000r\000a\000t\000i\000o\000n}{subsection.35}% 31
\BOOKMARK [2][-]{subsection.39}{\376\377\0001\000.\0005\000.\0003\000\040\000S\000u\000p\000p\000o\000r\000t\000i\000n\000g\000\040\000T\000e\000c\000h\000n\000o\000l\000o\000g\000i\000e\000s}{section.29}% 32
\BOOKMARK [3][-]{subsubsection.40}{\376\377\0001\000.\0005\000.\0003\000.\0001\000\040\000D\000o\000c\000k\000e\000r\000\040\000C\000o\000n\000t\000a\000i\000n\000e\000r\000i\000z\000a\000t\000i\000o\000n}{subsection.39}% 33
\BOOKMARK [3][-]{subsubsection.41}{\376\377\0001\000.\0005\000.\0003\000.\0002\000\040\000U\000V\000\040\000P\000a\000c\000k\000a\000g\000e\000\040\000M\000a\000n\000a\000g\000e\000r}{subsection.39}% 34
\BOOKMARK [3][-]{subsubsection.42}{\376\377\0001\000.\0005\000.\0003\000.\0003\000\040\000D\000N\000S\000\040\000P\000r\000o\000v\000i\000d\000e\000r\000\040\000A\000P\000I\000s}{subsection.39}% 35
\BOOKMARK [0][-]{chapter.43}{\376\377\0002\000\040\000P\000r\000o\000p\000o\000s\000e\000d\000\040\000S\000y\000s\000t\000e\000m}{}% 36
\BOOKMARK [1][-]{section.44}{\376\377\0002\000.\0001\000\040\000P\000r\000o\000p\000o\000s\000e\000d\000\040\000S\000y\000s\000t\000e\000m}{chapter.43}% 37
\BOOKMARK [2][-]{subsection.45}{\376\377\0002\000.\0001\000.\0001\000\040\000S\000y\000s\000t\000e\000m\000\040\000A\000r\000c\000h\000i\000t\000e\000c\000t\000u\000r\000e\000\040\000O\000v\000e\000r\000v\000i\000e\000w}{section.44}% 38
\BOOKMARK [3][-]{subsubsection.46}{\376\377\0002\000.\0001\000.\0001\000.\0001\000\040\000F\000r\000o\000n\000t\000e\000n\000d\000\040\000L\000a\000y\000e\000r}{subsection.45}% 39
\BOOKMARK [3][-]{subsubsection.47}{\376\377\0002\000.\0001\000.\0001\000.\0002\000\040\000B\000a\000c\000k\000e\000n\000d\000\040\000L\000a\000y\000e\000r}{subsection.45}% 40
\BOOKMARK [3][-]{subsubsection.48}{\376\377\0002\000.\0001\000.\0001\000.\0003\000\040\000I\000n\000f\000r\000a\000s\000t\000r\000u\000c\000t\000u\000r\000e\000\040\000L\000a\000y\000e\000r}{subsection.45}% 41
\BOOKMARK [3][-]{subsubsection.49}{\376\377\0002\000.\0001\000.\0001\000.\0004\000\040\000F\000r\000o\000n\000t\000e\000n\000d\000\040\000L\000a\000y\000e\000r}{subsection.45}% 42
\BOOKMARK [3][-]{subsubsection.50}{\376\377\0002\000.\0001\000.\0001\000.\0005\000\040\000B\000a\000c\000k\000e\000n\000d\000\040\000L\000a\000y\000e\000r}{subsection.45}% 43
\BOOKMARK [3][-]{subsubsection.51}{\376\377\0002\000.\0001\000.\0001\000.\0006\000\040\000I\000n\000f\000r\000a\000s\000t\000r\000u\000c\000t\000u\000r\000e\000\040\000L\000a\000y\000e\000r}{subsection.45}% 44
\BOOKMARK [1][-]{section.52}{\376\377\0002\000.\0002\000\040\000O\000b\000j\000e\000c\000t\000i\000v\000e\000s\000\040\000o\000f\000\040\000S\000y\000s\000t\000e\000m}{chapter.43}% 45
\BOOKMARK [2][-]{subsection.53}{\376\377\0002\000.\0002\000.\0001\000\040\000P\000r\000i\000m\000a\000r\000y\000\040\000O\000b\000j\000e\000c\000t\000i\000v\000e\000s}{section.52}% 46
\BOOKMARK [2][-]{subsection.58}{\376\377\0002\000.\0002\000.\0002\000\040\000S\000e\000c\000o\000n\000d\000a\000r\000y\000\040\000O\000b\000j\000e\000c\000t\000i\000v\000e\000s}{section.52}% 47
\BOOKMARK [1][-]{section.62}{\376\377\0002\000.\0003\000\040\000U\000s\000e\000r\000\040\000R\000e\000q\000u\000i\000r\000e\000m\000e\000n\000t\000s}{chapter.43}% 48
\BOOKMARK [2][-]{subsection.63}{\376\377\0002\000.\0003\000.\0001\000\040\000F\000u\000n\000c\000t\000i\000o\000n\000a\000l\000\040\000R\000e\000q\000u\000i\000r\000e\000m\000e\000n\000t\000s}{section.62}% 49
\BOOKMARK [3][-]{subsubsection.64}{\376\377\0002\000.\0003\000.\0001\000.\0001\000\040\000C\000e\000r\000t\000i\000f\000i\000c\000a\000t\000e\000\040\000G\000e\000n\000e\000r\000a\000t\000i\000o\000n\000\040\000R\000e\000q\000u\000i\000r\000e\000m\000e\000n\000t\000s}{subsection.63}% 50
\BOOKMARK [3][-]{subsubsection.70}{\376\377\0002\000.\0003\000.\0001\000.\0002\000\040\000C\000e\000r\000t\000i\000f\000i\000c\000a\000t\000e\000\040\000M\000a\000n\000a\000g\000e\000m\000e\000n\000t\000\040\000R\000e\000q\000u\000i\000r\000e\000m\000e\000n\000t\000s}{subsection.63}% 51
\BOOKMARK [3][-]{subsubsection.76}{\376\377\0002\000.\0003\000.\0001\000.\0003\000\040\000D\000N\000S\000\040\000P\000r\000o\000v\000i\000d\000e\000r\000\040\000I\000n\000t\000e\000g\000r\000a\000t\000i\000o\000n\000\040\000R\000e\000q\000u\000i\000r\000e\000m\000e\000n\000t\000s}{subsection.63}% 52
\BOOKMARK [3][-]{subsubsection.82}{\376\377\0002\000.\0003\000.\0001\000.\0004\000\040\000U\000s\000e\000r\000\040\000I\000n\000t\000e\000r\000f\000a\000c\000e\000\040\000R\000e\000q\000u\000i\000r\000e\000m\000e\000n\000t\000s}{subsection.63}% 53
\BOOKMARK [2][-]{subsection.88}{\376\377\0002\000.\0003\000.\0002\000\040\000N\000o\000n\000-\000F\000u\000n\000c\000t\000i\000o\000n\000a\000l\000\040\000R\000e\000q\000u\000i\000r\000e\000m\000e\000n\000t\000s}{section.62}% 54
\BOOKMARK [3][-]{subsubsection.89}{\376\377\0002\000.\0003\000.\0002\000.\0001\000\040\000P\000e\000r\000f\000o\000r\000m\000a\000n\000c\000e\000\040\000R\000e\000q\000u\000i\000r\000e\000m\000e\000n\000t\000s}{subsection.88}% 55
\BOOKMARK [3][-]{subsubsection.94}{\376\377\0002\000.\0003\000.\0002\000.\0002\000\040\000S\000e\000c\000u\000r\000i\000t\000y\000\040\000R\000e\000q\000u\000i\000r\000e\000m\000e\000n\000t\000s}{subsection.88}% 56
\BOOKMARK [3][-]{subsubsection.99}{\376\377\0002\000.\0003\000.\0002\000.\0003\000\040\000R\000e\000l\000i\000a\000b\000i\000l\000i\000t\000y\000\040\000R\000e\000q\000u\000i\000r\000e\000m\000e\000n\000t\000s}{subsection.88}% 57
\BOOKMARK [3][-]{subsubsection.104}{\376\377\0002\000.\0003\000.\0002\000.\0004\000\040\000U\000s\000a\000b\000i\000l\000i\000t\000y\000\040\000R\000e\000q\000u\000i\000r\000e\000m\000e\000n\000t\000s}{subsection.88}% 58
\BOOKMARK [3][-]{subsubsection.109}{\376\377\0002\000.\0003\000.\0002\000.\0005\000\040\000S\000c\000a\000l\000a\000b\000i\000l\000i\000t\000y\000\040\000R\000e\000q\000u\000i\000r\000e\000m\000e\000n\000t\000s}{subsection.88}% 59
\BOOKMARK [0][-]{chapter.114}{\376\377\0003\000\040\000A\000n\000a\000l\000y\000s\000i\000s\000\040\000a\000n\000d\000\040\000D\000e\000s\000i\000g\000n}{}% 60
\BOOKMARK [1][-]{section.115}{\376\377\0003\000.\0001\000\040\000S\000y\000s\000t\000e\000m\000\040\000A\000n\000a\000l\000y\000s\000i\000s}{chapter.114}% 61
\BOOKMARK [2][-]{subsection.117}{\376\377\0003\000.\0001\000.\0001\000\040\000S\000y\000s\000t\000e\000m\000\040\000C\000o\000n\000t\000e\000x\000t}{section.115}% 62
\BOOKMARK [1][-]{section.118}{\376\377\0003\000.\0002\000\040\000A\000c\000t\000i\000v\000i\000t\000y\000\040\000D\000i\000a\000g\000r\000a\000m}{chapter.114}% 63
\BOOKMARK [1][-]{section.127}{\376\377\0003\000.\0003\000\040\000U\000s\000e\000\040\000C\000a\000s\000e\000\040\000D\000i\000a\000g\000r\000a\000m\000s}{chapter.114}% 64
\BOOKMARK [2][-]{subsection.129}{\376\377\0003\000.\0003\000.\0001\000\040\000P\000r\000i\000m\000a\000r\000y\000\040\000U\000s\000e\000\040\000C\000a\000s\000e\000s}{section.127}% 65
\BOOKMARK [2][-]{subsection.135}{\376\377\0003\000.\0003\000.\0002\000\040\000S\000e\000c\000o\000n\000d\000a\000r\000y\000\040\000U\000s\000e\000\040\000C\000a\000s\000e\000s}{section.127}% 66
\BOOKMARK [1][-]{section.140}{\376\377\0003\000.\0004\000\040\000C\000o\000m\000p\000o\000n\000e\000n\000t\000\040\000D\000i\000a\000g\000r\000a\000m}{chapter.114}% 67
\BOOKMARK [2][-]{subsection.142}{\376\377\0003\000.\0004\000.\0001\000\040\000F\000r\000o\000n\000t\000e\000n\000d\000\040\000C\000o\000m\000p\000o\000n\000e\000n\000t\000s}{section.140}% 68
\BOOKMARK [2][-]{subsection.143}{\376\377\0003\000.\0004\000.\0002\000\040\000B\000a\000c\000k\000e\000n\000d\000\040\000C\000o\000m\000p\000o\000n\000e\000n\000t\000s}{section.140}% 69
\BOOKMARK [1][-]{section.144}{\376\377\0003\000.\0005\000\040\000D\000e\000p\000l\000o\000y\000m\000e\000n\000t\000\040\000D\000i\000a\000g\000r\000a\000m}{chapter.114}% 70
\BOOKMARK [2][-]{subsection.146}{\376\377\0003\000.\0005\000.\0001\000\040\000D\000e\000p\000l\000o\000y\000m\000e\000n\000t\000\040\000A\000r\000c\000h\000i\000t\000e\000c\000t\000u\000r\000e}{section.144}% 71
\BOOKMARK [1][-]{section.147}{\376\377\0003\000.\0006\000\040\000D\000a\000t\000a\000\040\000F\000l\000o\000w\000\040\000D\000i\000a\000g\000r\000a\000m}{chapter.114}% 72
\BOOKMARK [2][-]{subsection.149}{\376\377\0003\000.\0006\000.\0001\000\040\000D\000a\000t\000a\000\040\000F\000l\000o\000w\000\040\000P\000r\000o\000c\000e\000s\000s}{section.147}% 73
\BOOKMARK [1][-]{section.157}{\376\377\0003\000.\0007\000\040\000F\000u\000n\000c\000t\000i\000o\000n\000a\000l\000\040\000D\000e\000c\000o\000m\000p\000o\000s\000i\000t\000i\000o\000n}{chapter.114}% 74
\BOOKMARK [2][-]{subsection.159}{\376\377\0003\000.\0007\000.\0001\000\040\000F\000u\000n\000c\000t\000i\000o\000n\000\040\000H\000i\000e\000r\000a\000r\000c\000h\000y}{section.157}% 75
\BOOKMARK [1][-]{section.160}{\376\377\0003\000.\0008\000\040\000T\000e\000s\000t\000\040\000P\000r\000o\000c\000e\000d\000u\000r\000e\000s\000\040\000a\000n\000d\000\040\000I\000m\000p\000l\000e\000m\000e\000n\000t\000a\000t\000i\000o\000n}{chapter.114}% 76
\BOOKMARK [2][-]{subsection.162}{\376\377\0003\000.\0008\000.\0001\000\040\000T\000e\000s\000t\000i\000n\000g\000\040\000L\000e\000v\000e\000l\000s}{section.160}% 77
\BOOKMARK [2][-]{subsection.167}{\376\377\0003\000.\0008\000.\0002\000\040\000T\000e\000s\000t\000\040\000I\000m\000p\000l\000e\000m\000e\000n\000t\000a\000t\000i\000o\000n\000\040\000S\000t\000r\000a\000t\000e\000g\000y}{section.160}% 78
\BOOKMARK [0][-]{chapter.168}{\376\377\0004\000\040\000U\000s\000e\000r\000\040\000M\000a\000n\000u\000a\000l}{}% 79
\BOOKMARK [1][-]{section.169}{\376\377\0004\000.\0001\000\040\000U\000s\000e\000r\000\040\000M\000a\000n\000u\000a\000l}{chapter.168}% 80
\BOOKMARK [2][-]{subsection.170}{\376\377\0004\000.\0001\000.\0001\000\040\000S\000y\000s\000t\000e\000m\000\040\000R\000e\000q\000u\000i\000r\000e\000m\000e\000n\000t\000s}{section.169}% 81
\BOOKMARK [3][-]{subsubsection.171}{\376\377\0004\000.\0001\000.\0001\000.\0001\000\040\000F\000o\000r\000\040\000E\000n\000d\000\040\000U\000s\000e\000r\000s}{subsection.170}% 82
\BOOKMARK [3][-]{subsubsection.172}{\376\377\0004\000.\0001\000.\0001\000.\0002\000\040\000F\000o\000r\000\040\000S\000y\000s\000t\000e\000m\000\040\000A\000d\000m\000i\000n\000i\000s\000t\000r\000a\000t\000o\000r\000s}{subsection.170}% 83
\BOOKMARK [2][-]{subsection.173}{\376\377\0004\000.\0001\000.\0002\000\040\000I\000n\000s\000t\000a\000l\000l\000a\000t\000i\000o\000n\000\040\000G\000u\000i\000d\000e}{section.169}% 84
\BOOKMARK [3][-]{subsubsection.174}{\376\377\0004\000.\0001\000.\0002\000.\0001\000\040\000Q\000u\000i\000c\000k\000\040\000S\000t\000a\000r\000t\000\040\000w\000i\000t\000h\000\040\000D\000o\000c\000k\000e\000r}{subsection.173}% 85
\BOOKMARK [3][-]{subsubsection.175}{\376\377\0004\000.\0001\000.\0002\000.\0002\000\040\000D\000e\000v\000e\000l\000o\000p\000m\000e\000n\000t\000\040\000S\000e\000t\000u\000p}{subsection.173}% 86
\BOOKMARK [1][-]{section.176}{\376\377\0004\000.\0002\000\040\000O\000p\000e\000r\000a\000t\000i\000o\000n\000s\000\040\000M\000a\000n\000u\000a\000l\000\040\000/\000\040\000M\000e\000n\000u\000\040\000E\000x\000p\000l\000a\000n\000a\000t\000i\000o\000n}{chapter.168}% 87
\BOOKMARK [2][-]{subsection.177}{\376\377\0004\000.\0002\000.\0001\000\040\000M\000a\000i\000n\000\040\000D\000a\000s\000h\000b\000o\000a\000r\000d}{section.176}% 88
\BOOKMARK [3][-]{subsubsection.178}{\376\377\0004\000.\0002\000.\0001\000.\0001\000\040\000S\000t\000a\000t\000i\000s\000t\000i\000c\000s\000\040\000C\000a\000r\000d\000s}{subsection.177}% 89
\BOOKMARK [3][-]{subsubsection.179}{\376\377\0004\000.\0002\000.\0001\000.\0002\000\040\000C\000e\000r\000t\000i\000f\000i\000c\000a\000t\000e\000\040\000L\000i\000s\000t}{subsection.177}% 90
\BOOKMARK [3][-]{subsubsection.180}{\376\377\0004\000.\0002\000.\0001\000.\0003\000\040\000A\000c\000t\000i\000o\000n\000\040\000B\000u\000t\000t\000o\000n\000s}{subsection.177}% 91
\BOOKMARK [2][-]{subsection.181}{\376\377\0004\000.\0002\000.\0002\000\040\000C\000e\000r\000t\000i\000f\000i\000c\000a\000t\000e\000\040\000G\000e\000n\000e\000r\000a\000t\000i\000o\000n\000\040\000P\000r\000o\000c\000e\000s\000s}{section.176}% 92
\BOOKMARK [3][-]{subsubsection.182}{\376\377\0004\000.\0002\000.\0002\000.\0001\000\040\000S\000t\000e\000p\000\040\0001\000:\000\040\000A\000c\000c\000e\000s\000s\000\040\000G\000e\000n\000e\000r\000a\000t\000i\000o\000n\000\040\000D\000i\000a\000l\000o\000g}{subsection.181}% 93
\BOOKMARK [3][-]{subsubsection.183}{\376\377\0004\000.\0002\000.\0002\000.\0002\000\040\000S\000t\000e\000p\000\040\0002\000:\000\040\000E\000n\000t\000e\000r\000\040\000D\000o\000m\000a\000i\000n\000\040\000I\000n\000f\000o\000r\000m\000a\000t\000i\000o\000n}{subsection.181}% 94
\BOOKMARK [3][-]{subsubsection.184}{\376\377\0004\000.\0002\000.\0002\000.\0003\000\040\000S\000t\000e\000p\000\040\0003\000:\000\040\000C\000o\000n\000f\000i\000g\000u\000r\000e\000\040\000D\000N\000S\000\040\000P\000r\000o\000v\000i\000d\000e\000r}{subsection.181}% 95
\BOOKMARK [3][-]{subsubsection.185}{\376\377\0004\000.\0002\000.\0002\000.\0004\000\040\000S\000t\000e\000p\000\040\0004\000:\000\040\000A\000d\000v\000a\000n\000c\000e\000d\000\040\000S\000e\000t\000t\000i\000n\000g\000s\000\040\000\050\000O\000p\000t\000i\000o\000n\000a\000l\000\051}{subsection.181}% 96
\BOOKMARK [3][-]{subsubsection.186}{\376\377\0004\000.\0002\000.\0002\000.\0005\000\040\000S\000t\000e\000p\000\040\0005\000:\000\040\000G\000e\000n\000e\000r\000a\000t\000e\000\040\000C\000e\000r\000t\000i\000f\000i\000c\000a\000t\000e}{subsection.181}% 97
\BOOKMARK [2][-]{subsection.187}{\376\377\0004\000.\0002\000.\0003\000\040\000C\000e\000r\000t\000i\000f\000i\000c\000a\000t\000e\000\040\000D\000o\000w\000n\000l\000o\000a\000d\000\040\000a\000n\000d\000\040\000D\000e\000p\000l\000o\000y\000m\000e\000n\000t}{section.176}% 98
\BOOKMARK [3][-]{subsubsection.188}{\376\377\0004\000.\0002\000.\0003\000.\0001\000\040\000I\000n\000d\000i\000v\000i\000d\000u\000a\000l\000\040\000F\000i\000l\000e\000\040\000D\000o\000w\000n\000l\000o\000a\000d\000s}{subsection.187}% 99
\BOOKMARK [3][-]{subsubsection.189}{\376\377\0004\000.\0002\000.\0003\000.\0002\000\040\000Z\000I\000P\000\040\000B\000u\000n\000d\000l\000e\000\040\000D\000o\000w\000n\000l\000o\000a\000d}{subsection.187}% 100
\BOOKMARK [3][-]{subsubsection.190}{\376\377\0004\000.\0002\000.\0003\000.\0003\000\040\000S\000e\000r\000v\000e\000r\000\040\000C\000o\000n\000f\000i\000g\000u\000r\000a\000t\000i\000o\000n}{subsection.187}% 101
\BOOKMARK [1][-]{section.191}{\376\377\0004\000.\0003\000\040\000P\000r\000o\000g\000r\000a\000m\000\040\000S\000p\000e\000c\000i\000f\000i\000c\000a\000t\000i\000o\000n\000s\000\040\000/\000\040\000F\000l\000o\000w\000\040\000C\000h\000a\000r\000t\000s}{chapter.168}% 102
\BOOKMARK [2][-]{subsection.192}{\376\377\0004\000.\0003\000.\0001\000\040\000C\000e\000r\000t\000i\000f\000i\000c\000a\000t\000e\000\040\000G\000e\000n\000e\000r\000a\000t\000i\000o\000n\000\040\000W\000o\000r\000k\000f\000l\000o\000w}{section.191}% 103
\BOOKMARK [2][-]{subsection.194}{\376\377\0004\000.\0003\000.\0002\000\040\000E\000r\000r\000o\000r\000\040\000H\000a\000n\000d\000l\000i\000n\000g\000\040\000W\000o\000r\000k\000f\000l\000o\000w}{section.191}% 104
\BOOKMARK [2][-]{subsection.199}{\376\377\0004\000.\0003\000.\0003\000\040\000S\000y\000s\000t\000e\000m\000\040\000A\000r\000c\000h\000i\000t\000e\000c\000t\000u\000r\000e\000\040\000F\000l\000o\000w}{section.191}% 105
\BOOKMARK [1][-]{section.201}{\376\377\0004\000.\0004\000\040\000D\000r\000a\000w\000b\000a\000c\000k\000s\000\040\000a\000n\000d\000\040\000L\000i\000m\000i\000t\000a\000t\000i\000o\000n\000s}{chapter.168}% 106
\BOOKMARK [2][-]{subsection.202}{\376\377\0004\000.\0004\000.\0001\000\040\000C\000u\000r\000r\000e\000n\000t\000\040\000S\000y\000s\000t\000e\000m\000\040\000L\000i\000m\000i\000t\000a\000t\000i\000o\000n\000s}{section.201}% 107
\BOOKMARK [2][-]{subsection.207}{\376\377\0004\000.\0004\000.\0002\000\040\000T\000e\000c\000h\000n\000i\000c\000a\000l\000\040\000L\000i\000m\000i\000t\000a\000t\000i\000o\000n\000s}{section.201}% 108
\BOOKMARK [1][-]{section.210}{\376\377\0004\000.\0005\000\040\000P\000r\000o\000p\000o\000s\000e\000d\000\040\000E\000n\000h\000a\000n\000c\000e\000m\000e\000n\000t\000s}{chapter.168}% 109
\BOOKMARK [2][-]{subsection.211}{\376\377\0004\000.\0005\000.\0001\000\040\000S\000h\000o\000r\000t\000-\000t\000e\000r\000m\000\040\000I\000m\000p\000r\000o\000v\000e\000m\000e\000n\000t\000s}{section.210}% 110
\BOOKMARK [2][-]{subsection.215}{\376\377\0004\000.\0005\000.\0002\000\040\000L\000o\000n\000g\000-\000t\000e\000r\000m\000\040\000E\000n\000h\000a\000n\000c\000e\000m\000e\000n\000t\000s}{section.210}% 111
\BOOKMARK [1][-]{section.219}{\376\377\0004\000.\0006\000\040\000C\000o\000n\000c\000l\000u\000s\000i\000o\000n\000s}{chapter.168}% 112
\BOOKMARK [0][-]{appendix.220}{\376\377\000A\000\040\000U\000s\000e\000r\000\040\000I\000n\000t\000e\000r\000f\000a\000c\000e\000\040\000S\000c\000r\000e\000e\000n\000s}{}% 113
\BOOKMARK [1][-]{section.221}{\376\377\000A\000.\0001\000\040\000M\000a\000i\000n\000\040\000D\000a\000s\000h\000b\000o\000a\000r\000d}{appendix.220}% 114
\BOOKMARK [2][-]{subsection.222}{\376\377\000A\000.\0001\000.\0001\000\040\000D\000a\000s\000h\000b\000o\000a\000r\000d\000\040\000O\000v\000e\000r\000v\000i\000e\000w}{section.221}% 115
\BOOKMARK [2][-]{subsection.223}{\376\377\000A\000.\0001\000.\0002\000\040\000S\000t\000a\000t\000i\000s\000t\000i\000c\000s\000\040\000S\000e\000c\000t\000i\000o\000n}{section.221}% 116
\BOOKMARK [1][-]{section.224}{\376\377\000A\000.\0002\000\040\000C\000e\000r\000t\000i\000f\000i\000c\000a\000t\000e\000\040\000G\000e\000n\000e\000r\000a\000t\000i\000o\000n\000\040\000D\000i\000a\000l\000o\000g}{appendix.220}% 117
\BOOKMARK [2][-]{subsection.225}{\376\377\000A\000.\0002\000.\0001\000\040\000B\000a\000s\000i\000c\000\040\000I\000n\000f\000o\000r\000m\000a\000t\000i\000o\000n\000\040\000F\000i\000e\000l\000d\000s}{section.224}% 118
\BOOKMARK [2][-]{subsection.226}{\376\377\000A\000.\0002\000.\0002\000\040\000D\000N\000S\000\040\000C\000o\000n\000f\000i\000g\000u\000r\000a\000t\000i\000o\000n\000\040\000S\000e\000c\000t\000i\000o\000n}{section.224}% 119
\BOOKMARK [2][-]{subsection.227}{\376\377\000A\000.\0002\000.\0003\000\040\000A\000d\000v\000a\000n\000c\000e\000d\000\040\000S\000e\000t\000t\000i\000n\000g\000s\000\040\000\050\000E\000x\000p\000a\000n\000d\000a\000b\000l\000e\000\051}{section.224}% 120
\BOOKMARK [2][-]{subsection.228}{\376\377\000A\000.\0002\000.\0004\000\040\000P\000r\000o\000g\000r\000e\000s\000s\000\040\000I\000n\000d\000i\000c\000a\000t\000o\000r\000s}{section.224}% 121
\BOOKMARK [1][-]{section.229}{\376\377\000A\000.\0003\000\040\000C\000e\000r\000t\000i\000f\000i\000c\000a\000t\000e\000\040\000L\000i\000s\000t\000\040\000V\000i\000e\000w}{appendix.220}% 122
\BOOKMARK [2][-]{subsection.230}{\376\377\000A\000.\0003\000.\0001\000\040\000C\000o\000l\000u\000m\000n\000\040\000I\000n\000f\000o\000r\000m\000a\000t\000i\000o\000n}{section.229}% 123
\BOOKMARK [2][-]{subsection.231}{\376\377\000A\000.\0003\000.\0002\000\040\000A\000c\000t\000i\000o\000n\000\040\000B\000u\000t\000t\000o\000n\000s}{section.229}% 124
\BOOKMARK [1][-]{section.232}{\376\377\000A\000.\0004\000\040\000D\000o\000c\000u\000m\000e\000n\000t\000a\000t\000i\000o\000n\000\040\000I\000n\000t\000e\000r\000f\000a\000c\000e}{appendix.220}% 125
\BOOKMARK [2][-]{subsection.233}{\376\377\000A\000.\0004\000.\0001\000\040\000T\000a\000b\000\040\000N\000a\000v\000i\000g\000a\000t\000i\000o\000n}{section.232}% 126
\BOOKMARK [2][-]{subsection.234}{\376\377\000A\000.\0004\000.\0002\000\040\000C\000o\000d\000e\000\040\000E\000x\000a\000m\000p\000l\000e\000s}{section.232}% 127
\BOOKMARK [1][-]{section.235}{\376\377\000A\000.\0005\000\040\000D\000a\000r\000k\000\040\000M\000o\000d\000e\000\040\000I\000n\000t\000e\000r\000f\000a\000c\000e}{appendix.220}% 128
\BOOKMARK [2][-]{subsection.236}{\376\377\000A\000.\0005\000.\0001\000\040\000T\000h\000e\000m\000e\000\040\000F\000e\000a\000t\000u\000r\000e\000s}{section.235}% 129
\BOOKMARK [1][-]{section.237}{\376\377\000A\000.\0006\000\040\000M\000o\000b\000i\000l\000e\000\040\000R\000e\000s\000p\000o\000n\000s\000i\000v\000e\000\040\000D\000e\000s\000i\000g\000n}{appendix.220}% 130
\BOOKMARK [2][-]{subsection.238}{\376\377\000A\000.\0006\000.\0001\000\040\000M\000o\000b\000i\000l\000e\000\040\000A\000d\000a\000p\000t\000a\000t\000i\000o\000n\000s}{section.237}% 131
\BOOKMARK [2][-]{subsection.239}{\376\377\000A\000.\0006\000.\0002\000\040\000T\000a\000b\000l\000e\000t\000\040\000I\000n\000t\000e\000r\000f\000a\000c\000e}{section.237}% 132
\BOOKMARK [1][-]{section.240}{\376\377\000A\000.\0007\000\040\000E\000r\000r\000o\000r\000\040\000a\000n\000d\000\040\000S\000u\000c\000c\000e\000s\000s\000\040\000N\000o\000t\000i\000f\000i\000c\000a\000t\000i\000o\000n\000s}{appendix.220}% 133
\BOOKMARK [2][-]{subsection.241}{\376\377\000A\000.\0007\000.\0001\000\040\000N\000o\000t\000i\000f\000i\000c\000a\000t\000i\000o\000n\000\040\000T\000y\000p\000e\000s}{section.240}% 134
\BOOKMARK [2][-]{subsection.242}{\376\377\000A\000.\0007\000.\0002\000\040\000E\000r\000r\000o\000r\000\040\000H\000a\000n\000d\000l\000i\000n\000g\000\040\000I\000n\000t\000e\000r\000f\000a\000c\000e}{section.240}% 135
\BOOKMARK [0][-]{appendix.243}{\376\377\000B\000\040\000S\000a\000m\000p\000l\000e\000\040\000P\000r\000o\000g\000r\000a\000m\000\040\000C\000o\000d\000e}{}% 136
\BOOKMARK [1][-]{section.244}{\376\377\000B\000.\0001\000\040\000F\000r\000o\000n\000t\000e\000n\000d\000\040\000C\000o\000d\000e\000\040\000S\000a\000m\000p\000l\000e\000s}{appendix.243}% 137
\BOOKMARK [2][-]{subsection.245}{\376\377\000B\000.\0001\000.\0001\000\040\000S\000S\000L\000\040\000D\000a\000s\000h\000b\000o\000a\000r\000d\000\040\000C\000o\000m\000p\000o\000n\000e\000n\000t}{section.244}% 138
\BOOKMARK [2][-]{subsection.246}{\376\377\000B\000.\0001\000.\0002\000\040\000C\000e\000r\000t\000i\000f\000i\000c\000a\000t\000e\000\040\000G\000e\000n\000e\000r\000a\000t\000i\000o\000n\000\040\000F\000o\000r\000m}{section.244}% 139
\BOOKMARK [1][-]{section.247}{\376\377\000B\000.\0002\000\040\000B\000a\000c\000k\000e\000n\000d\000\040\000C\000o\000d\000e\000\040\000S\000a\000m\000p\000l\000e\000s}{appendix.243}% 140
\BOOKMARK [2][-]{subsection.248}{\376\377\000B\000.\0002\000.\0001\000\040\000F\000a\000s\000t\000A\000P\000I\000\040\000M\000a\000i\000n\000\040\000A\000p\000p\000l\000i\000c\000a\000t\000i\000o\000n}{section.247}% 141
\BOOKMARK [2][-]{subsection.249}{\376\377\000B\000.\0002\000.\0002\000\040\000C\000e\000r\000t\000i\000f\000i\000c\000a\000t\000e\000\040\000S\000e\000r\000v\000i\000c\000e\000\040\000I\000m\000p\000l\000e\000m\000e\000n\000t\000a\000t\000i\000o\000n}{section.247}% 142
\BOOKMARK [2][-]{subsection.250}{\376\377\000B\000.\0002\000.\0003\000\040\000C\000e\000r\000t\000b\000o\000t\000\040\000R\000u\000n\000n\000e\000r\000\040\000S\000e\000r\000v\000i\000c\000e}{section.247}% 143
\BOOKMARK [1][-]{section.251}{\376\377\000B\000.\0003\000\040\000D\000N\000S\000\040\000I\000n\000t\000e\000g\000r\000a\000t\000i\000o\000n\000\040\000C\000o\000d\000e}{appendix.243}% 144
\BOOKMARK [2][-]{subsection.252}{\376\377\000B\000.\0003\000.\0001\000\040\000G\000o\000D\000a\000d\000d\000y\000\040\000D\000N\000S\000\040\000H\000o\000o\000k\000\040\000S\000c\000r\000i\000p\000t}{section.251}% 145
\BOOKMARK [1][-]{section.253}{\376\377\000B\000.\0004\000\040\000A\000P\000I\000\040\000M\000o\000d\000e\000l\000s\000\040\000a\000n\000d\000\040\000T\000y\000p\000e\000s}{appendix.243}% 146
\BOOKMARK [2][-]{subsection.254}{\376\377\000B\000.\0004\000.\0001\000\040\000P\000y\000d\000a\000n\000t\000i\000c\000\040\000M\000o\000d\000e\000l\000s}{section.253}% 147
\BOOKMARK [1][-]{section.255}{\376\377\000B\000.\0005\000\040\000C\000o\000n\000f\000i\000g\000u\000r\000a\000t\000i\000o\000n\000\040\000F\000i\000l\000e\000s}{appendix.243}% 148
\BOOKMARK [2][-]{subsection.256}{\376\377\000B\000.\0005\000.\0001\000\040\000D\000o\000c\000k\000e\000r\000\040\000C\000o\000n\000f\000i\000g\000u\000r\000a\000t\000i\000o\000n}{section.255}% 149
\BOOKMARK [2][-]{subsection.257}{\376\377\000B\000.\0005\000.\0002\000\040\000P\000y\000t\000h\000o\000n\000\040\000P\000r\000o\000j\000e\000c\000t\000\040\000C\000o\000n\000f\000i\000g\000u\000r\000a\000t\000i\000o\000n}{section.255}% 150
\BOOKMARK [0][-]{appendix.258}{\376\377\000C\000\040\000A\000d\000d\000i\000t\000i\000o\000n\000a\000l\000\040\000D\000o\000c\000u\000m\000e\000n\000t\000a\000t\000i\000o\000n}{}% 151
\BOOKMARK [1][-]{section.259}{\376\377\000C\000.\0001\000\040\000A\000P\000I\000\040\000D\000o\000c\000u\000m\000e\000n\000t\000a\000t\000i\000o\000n}{appendix.258}% 152
\BOOKMARK [2][-]{subsection.260}{\376\377\000C\000.\0001\000.\0001\000\040\000R\000E\000S\000T\000\040\000A\000P\000I\000\040\000E\000n\000d\000p\000o\000i\000n\000t\000s}{section.259}% 153
\BOOKMARK [3][-]{subsubsection.261}{\376\377\000C\000.\0001\000.\0001\000.\0001\000\040\000C\000e\000r\000t\000i\000f\000i\000c\000a\000t\000e\000\040\000G\000e\000n\000e\000r\000a\000t\000i\000o\000n}{subsection.260}% 154
\BOOKMARK [1][-]{section.262}{\376\377\000C\000.\0002\000\040\000E\000n\000v\000i\000r\000o\000n\000m\000e\000n\000t\000\040\000C\000o\000n\000f\000i\000g\000u\000r\000a\000t\000i\000o\000n}{appendix.258}% 155
\BOOKMARK [2][-]{subsection.263}{\376\377\000C\000.\0002\000.\0001\000\040\000R\000e\000q\000u\000i\000r\000e\000d\000\040\000E\000n\000v\000i\000r\000o\000n\000m\000e\000n\000t\000\040\000V\000a\000r\000i\000a\000b\000l\000e\000s}{section.262}% 156
\BOOKMARK [3][-]{subsubsection.264}{\376\377\000C\000.\0002\000.\0001\000.\0001\000\040\000F\000r\000o\000n\000t\000e\000n\000d\000\040\000C\000o\000n\000f\000i\000g\000u\000r\000a\000t\000i\000o\000n}{subsection.263}% 157
\BOOKMARK [3][-]{subsubsection.265}{\376\377\000C\000.\0002\000.\0001\000.\0002\000\040\000B\000a\000c\000k\000e\000n\000d\000\040\000C\000o\000n\000f\000i\000g\000u\000r\000a\000t\000i\000o\000n}{subsection.263}% 158
\BOOKMARK [1][-]{section.266}{\376\377\000C\000.\0003\000\040\000S\000e\000c\000u\000r\000i\000t\000y\000\040\000C\000o\000n\000s\000i\000d\000e\000r\000a\000t\000i\000o\000n\000s}{appendix.258}% 159
\BOOKMARK [2][-]{subsection.267}{\376\377\000C\000.\0003\000.\0001\000\040\000S\000e\000c\000u\000r\000i\000t\000y\000\040\000B\000e\000s\000t\000\040\000P\000r\000a\000c\000t\000i\000c\000e\000s}{section.266}% 160
\BOOKMARK [3][-]{subsubsection.268}{\376\377\000C\000.\0003\000.\0001\000.\0001\000\040\000C\000r\000e\000d\000e\000n\000t\000i\000a\000l\000\040\000M\000a\000n\000a\000g\000e\000m\000e\000n\000t}{subsection.267}% 161
\BOOKMARK [3][-]{subsubsection.269}{\376\377\000C\000.\0003\000.\0001\000.\0002\000\040\000C\000e\000r\000t\000i\000f\000i\000c\000a\000t\000e\000\040\000S\000e\000c\000u\000r\000i\000t\000y}{subsection.267}% 162
\BOOKMARK [0][-]{dummy.270}{\376\377\000B\000i\000b\000l\000i\000o\000g\000r\000a\000p\000h\000y}{}% 163
\BOOKMARK [0][-]{dummy.274}{\376\377\000A\000c\000k\000n\000o\000w\000l\000e\000d\000g\000e\000m\000e\000n\000t\000s}{}% 164
